0 info it worked if it ends with ok
1 verbose cli [ '/usr/local/bin/node', '/usr/local/bin/npm', 'publish' ]
2 info using npm@2.14.12
3 info using node@v4.3.0
4 verbose publish [ '.' ]
5 silly cache add args [ '.', null ]
6 verbose cache add spec .
7 silly cache add parsed spec Result {
7 silly cache add   raw: '.',
7 silly cache add   scope: null,
7 silly cache add   name: null,
7 silly cache add   rawSpec: '.',
7 silly cache add   spec: '/Users/zachary.blank/Projects/hgResource',
7 silly cache add   type: 'directory' }
8 verbose addLocalDirectory /Users/zachary.blank/.npm/hungry-resource/0.1.0/package.tgz not in flight; packing
9 verbose tar pack [ '/Users/zachary.blank/.npm/hungry-resource/0.1.0/package.tgz',
9 verbose tar pack   '/Users/zachary.blank/Projects/hgResource' ]
10 verbose tarball /Users/zachary.blank/.npm/hungry-resource/0.1.0/package.tgz
11 verbose folder /Users/zachary.blank/Projects/hgResource
12 info prepublish hungry-resource@0.1.0
13 verbose addLocalTarball adding from inside cache /Users/zachary.blank/.npm/hungry-resource/0.1.0/package.tgz
14 silly cache afterAdd hungry-resource@0.1.0
15 verbose afterAdd /Users/zachary.blank/.npm/hungry-resource/0.1.0/package/package.json not in flight; writing
16 verbose afterAdd /Users/zachary.blank/.npm/hungry-resource/0.1.0/package/package.json written
17 silly publish { name: 'hungry-resource',
17 silly publish   version: '0.1.0',
17 silly publish   description: 'A layer ontop of Angular ngResource',
17 silly publish   main: 'index.js',
17 silly publish   repository:
17 silly publish    { type: 'git',
17 silly publish      url: 'git://github.com/hungryinc/hgResource.git' },
17 silly publish   keywords: [ 'AngularJs' ],
17 silly publish   author:
17 silly publish    { name: 'Zachary Blank',
17 silly publish      email: 'zach@hungryinc.com',
17 silly publish      url: 'http://hungryinc.com/' },
17 silly publish   dependencies: { 'angular-resource': '~1.3.2' },
17 silly publish   gitHead: '170d53907955420cf51bf4774be4aedd0ca53c14',
17 silly publish   bugs: { url: 'https://github.com/hungryinc/hgResource/issues' },
17 silly publish   readme: 'ERROR: No README data found!',
17 silly publish   homepage: 'https://github.com/hungryinc/hgResource#readme',
17 silly publish   _id: 'hungry-resource@0.1.0',
17 silly publish   scripts: {},
17 silly publish   _shasum: '554961fda37c023714ef80e8b197f3919f027c09',
17 silly publish   _from: '.' }
18 verbose getPublishConfig undefined
19 silly mapToRegistry name hungry-resource
20 silly mapToRegistry using default registry
21 silly mapToRegistry registry https://registry.npmjs.org/
22 silly mapToRegistry uri https://registry.npmjs.org/hungry-resource
23 verbose publish registryBase https://registry.npmjs.org/
24 silly publish uploading /Users/zachary.blank/.npm/hungry-resource/0.1.0/package.tgz
25 verbose request uri https://registry.npmjs.org/hungry-resource
26 verbose request sending authorization for write operation
27 info attempt registry request try #1 at 10:20:44 AM
28 verbose request using bearer token for auth
29 verbose request id 0d1808c70b0410f6
30 http request PUT https://registry.npmjs.org/hungry-resource
31 http 403 https://registry.npmjs.org/hungry-resource
32 verbose headers { 'content-type': 'application/json',
32 verbose headers   'cache-control': 'max-age=300',
32 verbose headers   'content-length': '95',
32 verbose headers   'accept-ranges': 'bytes',
32 verbose headers   date: 'Mon, 28 Mar 2016 17:20:44 GMT',
32 verbose headers   via: '1.1 varnish',
32 verbose headers   connection: 'keep-alive',
32 verbose headers   'x-served-by': 'cache-sjc3120-SJC',
32 verbose headers   'x-cache': 'MISS',
32 verbose headers   'x-cache-hits': '0',
32 verbose headers   'x-timer': 'S1459185644.344569,VS0,VE197' }
33 verbose request invalidating /Users/zachary.blank/.npm/registry.npmjs.org/hungry-resource on PUT
34 error publish Failed PUT 403
35 verbose stack Error: "You cannot publish over the previously published version 0.1.0." : hungry-resource
35 verbose stack     at makeError (/usr/local/lib/node_modules/npm/node_modules/npm-registry-client/lib/request.js:264:12)
35 verbose stack     at CachingRegistryClient.<anonymous> (/usr/local/lib/node_modules/npm/node_modules/npm-registry-client/lib/request.js:252:14)
35 verbose stack     at Request._callback (/usr/local/lib/node_modules/npm/node_modules/npm-registry-client/lib/request.js:172:14)
35 verbose stack     at Request.self.callback (/usr/local/lib/node_modules/npm/node_modules/request/request.js:198:22)
35 verbose stack     at emitTwo (events.js:87:13)
35 verbose stack     at Request.emit (events.js:172:7)
35 verbose stack     at Request.<anonymous> (/usr/local/lib/node_modules/npm/node_modules/request/request.js:1082:10)
35 verbose stack     at emitOne (events.js:82:20)
35 verbose stack     at Request.emit (events.js:169:7)
35 verbose stack     at IncomingMessage.<anonymous> (/usr/local/lib/node_modules/npm/node_modules/request/request.js:1009:12)
36 verbose statusCode 403
37 verbose pkgid hungry-resource
38 verbose cwd /Users/zachary.blank/Projects/hgResource
39 error Darwin 15.3.0
40 error argv "/usr/local/bin/node" "/usr/local/bin/npm" "publish"
41 error node v4.3.0
42 error npm  v2.14.12
43 error code E403
44 error "You cannot publish over the previously published version 0.1.0." : hungry-resource
45 error If you need help, you may report this error at:
45 error     <https://github.com/npm/npm/issues>
46 verbose exit [ 1, true ]
